<?xml version="1.0" encoding="UTF-8"?>
<!-- Generated by org.testng.reporters.JUnitReportReporter -->
<testsuite hostname="IBM-PF3PELFE" failures="0" tests="1" name="nandeeshFrameWork.SeleniumFrameWorkDesign.TestFrameWork" time="7.567" errors="0" timestamp="2024-05-28T18:23:43 IST" skipped="0">
  <testcase classname="nandeeshFrameWork.SeleniumFrameWorkDesign.TestFrameWork" name="submitOrder" time="7.567"/>
</testsuite> <!-- nandeeshFrameWork.SeleniumFrameWorkDesign.TestFrameWork -->
