<?xml version="1.0" encoding="UTF-8"?>
<!-- Generated by org.testng.reporters.JUnitReportReporter -->
<testsuite hostname="IBM-PF3PELFE" failures="0" tests="3" name="nandeeshFrameWork.SeleniumFrameWorkDesign.Tests.TestFrameWork" time="21.809" errors="0" timestamp="2024-06-02T22:22:18 IST" skipped="0">
  <testcase classname="nandeeshFrameWork.SeleniumFrameWorkDesign.Tests.TestFrameWork" name="submitOrder" time="7.756"/>
  <testcase classname="nandeeshFrameWork.SeleniumFrameWorkDesign.Tests.TestFrameWork" name="submitOrder" time="9.145"/>
  <testcase classname="nandeeshFrameWork.SeleniumFrameWorkDesign.Tests.TestFrameWork" name="orderHistoryTest" time="4.908"/>
</testsuite> <!-- nandeeshFrameWork.SeleniumFrameWorkDesign.Tests.TestFrameWork -->
