<?xml version="1.0" encoding="UTF-8"?>
<!-- Generated by org.testng.reporters.JUnitReportReporter -->
<testsuite hostname="IBM-PF3PELFE" failures="0" tests="3" name="nandeeshFrameWork.SeleniumFrameWorkDesign.Tests.TestFrameWork" time="43.397" errors="0" timestamp="2024-06-09T10:15:34 IST" skipped="0">
  <testcase classname="nandeeshFrameWork.SeleniumFrameWorkDesign.Tests.TestFrameWork" name="submitOrder" time="21.225"/>
  <testcase classname="nandeeshFrameWork.SeleniumFrameWorkDesign.Tests.TestFrameWork" name="submitOrder" time="12.631"/>
  <testcase classname="nandeeshFrameWork.SeleniumFrameWorkDesign.Tests.TestFrameWork" name="orderHistoryTest" time="9.541"/>
</testsuite> <!-- nandeeshFrameWork.SeleniumFrameWorkDesign.Tests.TestFrameWork -->
