<?xml version="1.0" encoding="UTF-8"?>
<!-- Generated by org.testng.reporters.JUnitReportReporter -->
<testsuite hostname="IBM-PF3PELFE" failures="0" tests="1" name="Cucumber.TestNGTestRunner" time="11.653" errors="0" timestamp="2024-06-09T00:26:13 IST" skipped="0">
  <testcase classname="Cucumber.TestNGTestRunner" name="runScenario" time="11.653"/>
</testsuite> <!-- Cucumber.TestNGTestRunner -->
